0 verbose cli C:\Program Files\nodejs\node.exe C:\Users\paradise\AppData\Roaming\npm\node_modules\npm\bin\npm-cli.js
1 info using npm@11.3.0
2 info using node@v22.15.0
3 silly config load:file:C:\Users\paradise\AppData\Roaming\npm\node_modules\npm\npmrc
4 silly config load:file:C:\Users\paradise\.npmrc
5 silly config load:file:C:\Users\paradise\AppData\Roaming\npm\etc\npmrc
6 verbose title npm install express axios cors
7 verbose argv "install" "express" "axios" "cors"
8 verbose logfile logs-max:10 dir:C:\Users\paradise\OneDrive\Desktop\day2\nodejs-express-axios-cors\npm-cache\_logs\2025-05-13T04_10_03_323Z-
9 verbose logfile C:\Users\paradise\OneDrive\Desktop\day2\nodejs-express-axios-cors\npm-cache\_logs\2025-05-13T04_10_03_323Z-debug-0.log
10 silly logfile done cleaning log files
11 silly packumentCache heap:4345298944 maxSize:1086324736 maxEntrySize:543162368
12 silly idealTree buildDeps
13 silly fetch manifest express@*
14 silly packumentCache full:https://registry.npmjs.org/express cache-miss
15 http fetch GET 200 https://registry.npmjs.org/npm 295ms
16 http fetch GET 200 https://registry.npmjs.org/express 216ms (cache miss)
17 silly packumentCache full:https://registry.npmjs.org/express set size:undefined disposed:false
18 silly fetch manifest axios@*
19 silly packumentCache full:https://registry.npmjs.org/axios cache-miss
20 http fetch GET 200 https://registry.npmjs.org/axios 56ms (cache miss)
21 silly packumentCache full:https://registry.npmjs.org/axios set size:undefined disposed:false
22 silly fetch manifest cors@*
23 silly packumentCache full:https://registry.npmjs.org/cors cache-miss
24 http fetch GET 200 https://registry.npmjs.org/cors 52ms (cache miss)
25 silly packumentCache full:https://registry.npmjs.org/cors set size:undefined disposed:false
26 silly placeDep ROOT axios@1.9.0 OK for:  want: *
27 silly placeDep ROOT cors@2.8.5 OK for:  want: *
28 silly placeDep ROOT express@5.1.0 OK for:  want: *
29 silly fetch manifest follow-redirects@^1.15.6
30 silly packumentCache full:https://registry.npmjs.org/follow-redirects cache-miss
31 silly fetch manifest form-data@^4.0.0
32 silly packumentCache full:https://registry.npmjs.org/form-data cache-miss
33 silly fetch manifest proxy-from-env@^1.1.0
34 silly packumentCache full:https://registry.npmjs.org/proxy-from-env cache-miss
35 silly fetch manifest vary@^1
36 silly packumentCache full:https://registry.npmjs.org/vary cache-miss
37 silly fetch manifest object-assign@^4
38 silly packumentCache full:https://registry.npmjs.org/object-assign cache-miss
39 silly fetch manifest qs@^6.14.0
40 silly packumentCache full:https://registry.npmjs.org/qs cache-miss
41 silly fetch manifest etag@^1.8.1
42 silly packumentCache full:https://registry.npmjs.org/etag cache-miss
43 http fetch GET 200 https://registry.npmjs.org/follow-redirects 96ms (cache miss)
44 silly packumentCache full:https://registry.npmjs.org/follow-redirects set size:undefined disposed:false
45 silly fetch manifest once@^1.4.0
46 silly packumentCache full:https://registry.npmjs.org/once cache-miss
47 http fetch GET 200 https://registry.npmjs.org/form-data 99ms (cache miss)
48 silly packumentCache full:https://registry.npmjs.org/form-data set size:undefined disposed:false
49 silly fetch manifest send@^1.1.0
50 silly packumentCache full:https://registry.npmjs.org/send cache-miss
51 http fetch GET 200 https://registry.npmjs.org/proxy-from-env 167ms (cache miss)
52 silly packumentCache full:https://registry.npmjs.org/proxy-from-env set size:undefined disposed:false
53 silly fetch manifest vary@^1.1.2
54 silly packumentCache full:https://registry.npmjs.org/vary cache-miss
55 http fetch GET 200 https://registry.npmjs.org/vary 175ms (cache miss)
56 silly packumentCache full:https://registry.npmjs.org/vary set size:undefined disposed:false
57 silly fetch manifest debug@^4.4.0
58 silly packumentCache full:https://registry.npmjs.org/debug cache-miss
59 http fetch GET 200 https://registry.npmjs.org/etag 175ms (cache miss)
60 silly packumentCache full:https://registry.npmjs.org/etag set size:undefined disposed:false
61 silly fetch manifest fresh@^2.0.0
62 silly packumentCache full:https://registry.npmjs.org/fresh cache-miss
63 http fetch GET 200 https://registry.npmjs.org/object-assign 188ms (cache miss)
64 silly packumentCache full:https://registry.npmjs.org/object-assign set size:undefined disposed:false
65 silly fetch manifest cookie@^0.7.1
66 silly packumentCache full:https://registry.npmjs.org/cookie cache-miss
67 http fetch GET 200 https://registry.npmjs.org/once 94ms (cache miss)
68 silly packumentCache full:https://registry.npmjs.org/once set size:undefined disposed:false
69 silly fetch manifest router@^2.2.0
70 silly packumentCache full:https://registry.npmjs.org/router cache-miss
71 http fetch GET 200 https://registry.npmjs.org/send 94ms (cache miss)
72 silly packumentCache full:https://registry.npmjs.org/send set size:undefined disposed:false
73 silly fetch manifest accepts@^2.0.0
74 silly packumentCache full:https://registry.npmjs.org/accepts cache-miss
75 http cache https://registry.npmjs.org/vary 63ms (cache hit)
76 silly packumentCache full:https://registry.npmjs.org/vary set size:15958 disposed:false
77 silly fetch manifest type-is@^2.0.1
78 silly packumentCache full:https://registry.npmjs.org/type-is cache-miss
79 http fetch GET 200 https://registry.npmjs.org/qs 251ms (cache miss)
80 silly packumentCache full:https://registry.npmjs.org/qs set size:undefined disposed:false
81 silly fetch manifest parseurl@^1.3.3
82 silly packumentCache full:https://registry.npmjs.org/parseurl cache-miss
83 http fetch GET 200 https://registry.npmjs.org/fresh 94ms (cache miss)
84 silly packumentCache full:https://registry.npmjs.org/fresh set size:undefined disposed:false
85 silly fetch manifest statuses@^2.0.1
86 silly packumentCache full:https://registry.npmjs.org/statuses cache-miss
87 http fetch GET 200 https://registry.npmjs.org/accepts 84ms (cache miss)
88 silly packumentCache full:https://registry.npmjs.org/accepts set size:undefined disposed:false
89 silly fetch manifest encodeurl@^2.0.0
90 silly packumentCache full:https://registry.npmjs.org/encodeurl cache-miss
91 http fetch GET 200 https://registry.npmjs.org/cookie 106ms (cache miss)
92 silly packumentCache full:https://registry.npmjs.org/cookie set size:undefined disposed:false
93 silly fetch manifest mime-types@^3.0.0
94 silly packumentCache full:https://registry.npmjs.org/mime-types cache-miss
95 http fetch GET 200 https://registry.npmjs.org/router 127ms (cache miss)
96 silly packumentCache full:https://registry.npmjs.org/router set size:undefined disposed:false
97 silly fetch manifest proxy-addr@^2.0.7
98 silly packumentCache full:https://registry.npmjs.org/proxy-addr cache-miss
99 http fetch GET 200 https://registry.npmjs.org/debug 149ms (cache miss)
100 silly packumentCache full:https://registry.npmjs.org/debug set size:undefined disposed:false
101 silly fetch manifest body-parser@^2.2.0
102 silly packumentCache full:https://registry.npmjs.org/body-parser cache-miss
103 http fetch GET 200 https://registry.npmjs.org/type-is 101ms (cache miss)
104 silly packumentCache full:https://registry.npmjs.org/type-is set size:undefined disposed:false
105 silly fetch manifest escape-html@^1.0.3
106 silly packumentCache full:https://registry.npmjs.org/escape-html cache-miss
107 http fetch GET 200 https://registry.npmjs.org/statuses 71ms (cache miss)
108 silly packumentCache full:https://registry.npmjs.org/statuses set size:undefined disposed:false
109 silly fetch manifest http-errors@^2.0.0
110 silly packumentCache full:https://registry.npmjs.org/http-errors cache-miss
111 http fetch GET 200 https://registry.npmjs.org/parseurl 92ms (cache miss)
112 silly packumentCache full:https://registry.npmjs.org/parseurl set size:undefined disposed:false
113 silly fetch manifest on-finished@^2.4.1
114 silly packumentCache full:https://registry.npmjs.org/on-finished cache-miss
115 http fetch GET 200 https://registry.npmjs.org/encodeurl 96ms (cache miss)
116 silly packumentCache full:https://registry.npmjs.org/encodeurl set size:undefined disposed:false
117 silly fetch manifest content-type@^1.0.5
118 silly packumentCache full:https://registry.npmjs.org/content-type cache-miss
119 http fetch GET 200 https://registry.npmjs.org/proxy-addr 79ms (cache miss)
120 silly packumentCache full:https://registry.npmjs.org/proxy-addr set size:undefined disposed:false
121 silly fetch manifest finalhandler@^2.1.0
122 silly packumentCache full:https://registry.npmjs.org/finalhandler cache-miss
123 http fetch GET 200 https://registry.npmjs.org/mime-types 102ms (cache miss)
124 silly packumentCache full:https://registry.npmjs.org/mime-types set size:undefined disposed:false
125 silly fetch manifest range-parser@^1.2.1
126 silly packumentCache full:https://registry.npmjs.org/range-parser cache-miss
127 http fetch GET 200 https://registry.npmjs.org/escape-html 85ms (cache miss)
128 silly packumentCache full:https://registry.npmjs.org/escape-html set size:undefined disposed:false
129 silly fetch manifest serve-static@^2.2.0
130 silly packumentCache full:https://registry.npmjs.org/serve-static cache-miss
131 http fetch GET 200 https://registry.npmjs.org/on-finished 74ms (cache miss)
132 silly packumentCache full:https://registry.npmjs.org/on-finished set size:undefined disposed:false
133 silly fetch manifest cookie-signature@^1.2.1
134 silly packumentCache full:https://registry.npmjs.org/cookie-signature cache-miss
135 http fetch GET 200 https://registry.npmjs.org/body-parser 102ms (cache miss)
136 silly packumentCache full:https://registry.npmjs.org/body-parser set size:undefined disposed:false
137 silly fetch manifest merge-descriptors@^2.0.0
138 silly packumentCache full:https://registry.npmjs.org/merge-descriptors cache-miss
139 http fetch GET 200 https://registry.npmjs.org/content-type 53ms (cache miss)
140 silly packumentCache full:https://registry.npmjs.org/content-type set size:undefined disposed:false
141 silly fetch manifest content-disposition@^1.0.0
142 silly packumentCache full:https://registry.npmjs.org/content-disposition cache-miss
143 http fetch GET 200 https://registry.npmjs.org/http-errors 98ms (cache miss)
144 silly packumentCache full:https://registry.npmjs.org/http-errors set size:undefined disposed:false
145 http fetch GET 200 https://registry.npmjs.org/finalhandler 59ms (cache miss)
146 silly packumentCache full:https://registry.npmjs.org/finalhandler set size:undefined disposed:false
147 http fetch GET 200 https://registry.npmjs.org/range-parser 66ms (cache miss)
148 silly packumentCache full:https://registry.npmjs.org/range-parser set size:undefined disposed:false
149 http fetch GET 200 https://registry.npmjs.org/cookie-signature 51ms (cache miss)
150 silly packumentCache full:https://registry.npmjs.org/cookie-signature set size:undefined disposed:false
151 http fetch GET 200 https://registry.npmjs.org/serve-static 58ms (cache miss)
152 silly packumentCache full:https://registry.npmjs.org/serve-static set size:undefined disposed:false
153 http fetch GET 200 https://registry.npmjs.org/merge-descriptors 54ms (cache miss)
154 silly packumentCache full:https://registry.npmjs.org/merge-descriptors set size:undefined disposed:false
155 http fetch GET 200 https://registry.npmjs.org/content-disposition 47ms (cache miss)
156 silly packumentCache full:https://registry.npmjs.org/content-disposition set size:undefined disposed:false
157 silly placeDep ROOT follow-redirects@1.15.9 OK for: axios@1.9.0 want: ^1.15.6
158 silly placeDep ROOT form-data@4.0.2 OK for: axios@1.9.0 want: ^4.0.0
159 silly placeDep ROOT proxy-from-env@1.1.0 OK for: axios@1.9.0 want: ^1.1.0
160 silly fetch manifest asynckit@^0.4.0
161 silly packumentCache full:https://registry.npmjs.org/asynckit cache-miss
162 silly fetch manifest combined-stream@^1.0.8
163 silly packumentCache full:https://registry.npmjs.org/combined-stream cache-miss
164 silly fetch manifest es-set-tostringtag@^2.1.0
165 silly packumentCache full:https://registry.npmjs.org/es-set-tostringtag cache-miss
166 silly fetch manifest mime-types@^2.1.12
167 silly packumentCache full:https://registry.npmjs.org/mime-types cache-miss
168 http cache https://registry.npmjs.org/mime-types 11ms (cache hit)
169 silly packumentCache full:https://registry.npmjs.org/mime-types set size:136716 disposed:false
170 http fetch GET 200 https://registry.npmjs.org/asynckit 44ms (cache miss)
171 silly packumentCache full:https://registry.npmjs.org/asynckit set size:undefined disposed:false
172 http fetch GET 200 https://registry.npmjs.org/es-set-tostringtag 46ms (cache miss)
173 silly packumentCache full:https://registry.npmjs.org/es-set-tostringtag set size:undefined disposed:false
174 http fetch GET 200 https://registry.npmjs.org/combined-stream 72ms (cache miss)
175 silly packumentCache full:https://registry.npmjs.org/combined-stream set size:undefined disposed:false
176 silly placeDep ROOT object-assign@4.1.1 OK for: cors@2.8.5 want: ^4
177 silly placeDep ROOT vary@1.1.2 OK for: cors@2.8.5 want: ^1
178 silly placeDep ROOT accepts@2.0.0 OK for: express@5.1.0 want: ^2.0.0
179 silly placeDep ROOT body-parser@2.2.0 OK for: express@5.1.0 want: ^2.2.0
180 silly placeDep ROOT content-disposition@1.0.0 OK for: express@5.1.0 want: ^1.0.0
181 silly placeDep ROOT content-type@1.0.5 OK for: express@5.1.0 want: ^1.0.5
182 silly placeDep node_modules/express cookie@0.7.2 OK for: express@5.1.0 want: ^0.7.1
183 silly placeDep ROOT cookie-signature@1.2.2 OK for: express@5.1.0 want: ^1.2.1
184 silly placeDep ROOT debug@4.4.0 OK for: express@5.1.0 want: ^4.4.0
185 silly placeDep ROOT encodeurl@2.0.0 OK for: express@5.1.0 want: ^2.0.0
186 silly placeDep ROOT escape-html@1.0.3 OK for: express@5.1.0 want: ^1.0.3
187 silly placeDep ROOT etag@1.8.1 OK for: express@5.1.0 want: ^1.8.1
188 silly placeDep ROOT finalhandler@2.1.0 OK for: express@5.1.0 want: ^2.1.0
189 silly placeDep ROOT fresh@2.0.0 OK for: express@5.1.0 want: ^2.0.0
190 silly placeDep ROOT http-errors@2.0.0 OK for: express@5.1.0 want: ^2.0.0
191 silly placeDep ROOT merge-descriptors@2.0.0 OK for: express@5.1.0 want: ^2.0.0
192 silly placeDep ROOT mime-types@3.0.1 OK for: express@5.1.0 want: ^3.0.0
193 silly placeDep ROOT on-finished@2.4.1 OK for: express@5.1.0 want: ^2.4.1
194 silly placeDep ROOT once@1.4.0 OK for: express@5.1.0 want: ^1.4.0
195 silly placeDep ROOT parseurl@1.3.3 OK for: express@5.1.0 want: ^1.3.3
196 silly placeDep ROOT proxy-addr@2.0.7 OK for: express@5.1.0 want: ^2.0.7
197 silly placeDep ROOT qs@6.14.0 OK for: express@5.1.0 want: ^6.14.0
198 silly placeDep ROOT range-parser@1.2.1 OK for: express@5.1.0 want: ^1.2.1
199 silly placeDep ROOT router@2.2.0 OK for: express@5.1.0 want: ^2.2.0
200 silly placeDep ROOT send@1.2.0 OK for: express@5.1.0 want: ^1.1.0
201 silly placeDep ROOT serve-static@2.2.0 OK for: express@5.1.0 want: ^2.2.0
202 silly placeDep ROOT statuses@2.0.1 OK for: express@5.1.0 want: ^2.0.1
203 silly placeDep ROOT type-is@2.0.1 OK for: express@5.1.0 want: ^2.0.1
204 silly fetch manifest negotiator@^1.0.0
205 silly packumentCache full:https://registry.npmjs.org/negotiator cache-miss
206 silly fetch manifest bytes@^3.1.2
207 silly packumentCache full:https://registry.npmjs.org/bytes cache-miss
208 silly fetch manifest iconv-lite@^0.6.3
209 silly packumentCache full:https://registry.npmjs.org/iconv-lite cache-miss
210 silly fetch manifest raw-body@^3.0.0
211 silly packumentCache full:https://registry.npmjs.org/raw-body cache-miss
212 silly fetch manifest type-is@^2.0.0
213 silly packumentCache full:https://registry.npmjs.org/type-is cache-miss
214 silly fetch manifest safe-buffer@5.2.1
215 silly packumentCache full:https://registry.npmjs.org/safe-buffer cache-miss
216 silly fetch manifest ms@^2.1.3
217 silly packumentCache full:https://registry.npmjs.org/ms cache-miss
218 http cache https://registry.npmjs.org/type-is 53ms (cache hit)
219 silly packumentCache full:https://registry.npmjs.org/type-is set size:86196 disposed:false
220 silly fetch manifest depd@2.0.0
221 silly packumentCache full:https://registry.npmjs.org/depd cache-miss
222 http fetch GET 200 https://registry.npmjs.org/negotiator 77ms (cache miss)
223 silly packumentCache full:https://registry.npmjs.org/negotiator set size:undefined disposed:false
224 silly fetch manifest inherits@2.0.4
225 silly packumentCache full:https://registry.npmjs.org/inherits cache-miss
226 http fetch GET 200 https://registry.npmjs.org/raw-body 78ms (cache miss)
227 silly packumentCache full:https://registry.npmjs.org/raw-body set size:undefined disposed:false
228 silly fetch manifest setprototypeof@1.2.0
229 silly packumentCache full:https://registry.npmjs.org/setprototypeof cache-miss
230 http fetch GET 200 https://registry.npmjs.org/bytes 85ms (cache miss)
231 silly packumentCache full:https://registry.npmjs.org/bytes set size:undefined disposed:false
232 silly fetch manifest statuses@2.0.1
233 silly packumentCache full:https://registry.npmjs.org/statuses cache-miss
234 http fetch GET 200 https://registry.npmjs.org/safe-buffer 88ms (cache miss)
235 silly packumentCache full:https://registry.npmjs.org/safe-buffer set size:undefined disposed:false
236 silly fetch manifest toidentifier@1.0.1
237 silly packumentCache full:https://registry.npmjs.org/toidentifier cache-miss
238 http fetch GET 200 https://registry.npmjs.org/iconv-lite 92ms (cache miss)
239 silly packumentCache full:https://registry.npmjs.org/iconv-lite set size:undefined disposed:false
240 silly fetch manifest mime-db@^1.54.0
241 silly packumentCache full:https://registry.npmjs.org/mime-db cache-miss
242 http fetch GET 200 https://registry.npmjs.org/ms 104ms (cache miss)
243 silly packumentCache full:https://registry.npmjs.org/ms set size:undefined disposed:false
244 silly fetch manifest ee-first@1.1.1
245 silly packumentCache full:https://registry.npmjs.org/ee-first cache-miss
246 http cache https://registry.npmjs.org/statuses 36ms (cache hit)
247 silly packumentCache full:https://registry.npmjs.org/statuses set size:34272 disposed:false
248 silly fetch manifest wrappy@1
249 silly packumentCache full:https://registry.npmjs.org/wrappy cache-miss
250 http fetch GET 200 https://registry.npmjs.org/depd 68ms (cache miss)
251 silly packumentCache full:https://registry.npmjs.org/depd set size:undefined disposed:false
252 silly fetch manifest forwarded@0.2.0
253 silly packumentCache full:https://registry.npmjs.org/forwarded cache-miss
254 http fetch GET 200 https://registry.npmjs.org/inherits 61ms (cache miss)
255 silly packumentCache full:https://registry.npmjs.org/inherits set size:undefined disposed:false
256 silly fetch manifest ipaddr.js@1.9.1
257 silly packumentCache full:https://registry.npmjs.org/ipaddr.js cache-miss
258 http fetch GET 200 https://registry.npmjs.org/setprototypeof 59ms (cache miss)
259 silly packumentCache full:https://registry.npmjs.org/setprototypeof set size:undefined disposed:false
260 silly fetch manifest side-channel@^1.1.0
261 silly packumentCache full:https://registry.npmjs.org/side-channel cache-miss
262 http fetch GET 200 https://registry.npmjs.org/toidentifier 64ms (cache miss)
263 silly packumentCache full:https://registry.npmjs.org/toidentifier set size:undefined disposed:false
264 silly fetch manifest depd@^2.0.0
265 silly packumentCache full:https://registry.npmjs.org/depd cache-miss
266 http fetch GET 200 https://registry.npmjs.org/mime-db 67ms (cache miss)
267 silly packumentCache full:https://registry.npmjs.org/mime-db set size:undefined disposed:false
268 silly fetch manifest is-promise@^4.0.0
269 silly packumentCache full:https://registry.npmjs.org/is-promise cache-miss
270 http fetch GET 200 https://registry.npmjs.org/ee-first 73ms (cache miss)
271 silly packumentCache full:https://registry.npmjs.org/ee-first set size:undefined disposed:false
272 silly fetch manifest path-to-regexp@^8.0.0
273 silly packumentCache full:https://registry.npmjs.org/path-to-regexp cache-miss
274 http fetch GET 200 https://registry.npmjs.org/wrappy 64ms (cache miss)
275 silly packumentCache full:https://registry.npmjs.org/wrappy set size:undefined disposed:false
276 silly fetch manifest media-typer@^1.1.0
277 silly packumentCache full:https://registry.npmjs.org/media-typer cache-miss
278 http cache https://registry.npmjs.org/depd 33ms (cache hit)
279 silly packumentCache full:https://registry.npmjs.org/depd set size:40182 disposed:false
280 http fetch GET 200 https://registry.npmjs.org/forwarded 71ms (cache miss)
281 silly packumentCache full:https://registry.npmjs.org/forwarded set size:undefined disposed:false
282 http fetch GET 200 https://registry.npmjs.org/side-channel 55ms (cache miss)
283 silly packumentCache full:https://registry.npmjs.org/side-channel set size:undefined disposed:false
284 http fetch GET 200 https://registry.npmjs.org/ipaddr.js 62ms (cache miss)
285 silly packumentCache full:https://registry.npmjs.org/ipaddr.js set size:undefined disposed:false
286 http fetch GET 200 https://registry.npmjs.org/is-promise 47ms (cache miss)
287 silly packumentCache full:https://registry.npmjs.org/is-promise set size:undefined disposed:false
288 http fetch GET 200 https://registry.npmjs.org/path-to-regexp 52ms (cache miss)
289 silly packumentCache full:https://registry.npmjs.org/path-to-regexp set size:undefined disposed:false
290 http fetch GET 200 https://registry.npmjs.org/media-typer 52ms (cache miss)
291 silly packumentCache full:https://registry.npmjs.org/media-typer set size:undefined disposed:false
292 silly placeDep ROOT negotiator@1.0.0 OK for: accepts@2.0.0 want: ^1.0.0
293 silly placeDep ROOT bytes@3.1.2 OK for: body-parser@2.2.0 want: ^3.1.2
294 silly placeDep ROOT iconv-lite@0.6.3 OK for: body-parser@2.2.0 want: ^0.6.3
295 silly placeDep ROOT raw-body@3.0.0 OK for: body-parser@2.2.0 want: ^3.0.0
296 silly fetch manifest safer-buffer@>= 2.1.2 < 3.0.0
297 silly packumentCache full:https://registry.npmjs.org/safer-buffer cache-miss
298 silly fetch manifest unpipe@1.0.0
299 silly packumentCache full:https://registry.npmjs.org/unpipe cache-miss
300 http fetch GET 200 https://registry.npmjs.org/safer-buffer 41ms (cache miss)
301 silly packumentCache full:https://registry.npmjs.org/safer-buffer set size:undefined disposed:false
302 http fetch GET 200 https://registry.npmjs.org/unpipe 42ms (cache miss)
303 silly packumentCache full:https://registry.npmjs.org/unpipe set size:undefined disposed:false
304 silly placeDep ROOT safe-buffer@5.2.1 OK for: content-disposition@1.0.0 want: 5.2.1
305 silly placeDep ROOT ms@2.1.3 OK for: debug@4.4.0 want: ^2.1.3
306 silly placeDep ROOT asynckit@0.4.0 OK for: form-data@4.0.2 want: ^0.4.0
307 silly placeDep ROOT combined-stream@1.0.8 OK for: form-data@4.0.2 want: ^1.0.8
308 silly placeDep ROOT es-set-tostringtag@2.1.0 OK for: form-data@4.0.2 want: ^2.1.0
309 silly placeDep node_modules/form-data mime-types@2.1.35 OK for: form-data@4.0.2 want: ^2.1.12
310 silly fetch manifest delayed-stream@~1.0.0
311 silly packumentCache full:https://registry.npmjs.org/delayed-stream cache-miss
312 silly fetch manifest es-errors@^1.3.0
313 silly packumentCache full:https://registry.npmjs.org/es-errors cache-miss
314 silly fetch manifest get-intrinsic@^1.2.6
315 silly packumentCache full:https://registry.npmjs.org/get-intrinsic cache-miss
316 silly fetch manifest has-tostringtag@^1.0.2
317 silly packumentCache full:https://registry.npmjs.org/has-tostringtag cache-miss
318 silly fetch manifest hasown@^2.0.2
319 silly packumentCache full:https://registry.npmjs.org/hasown cache-miss
320 silly fetch manifest mime-db@1.52.0
321 silly packumentCache full:https://registry.npmjs.org/mime-db cache-miss
322 http cache https://registry.npmjs.org/mime-db 14ms (cache hit)
323 silly packumentCache full:https://registry.npmjs.org/mime-db set size:164893 disposed:false
324 http fetch GET 200 https://registry.npmjs.org/delayed-stream 47ms (cache miss)
325 silly packumentCache full:https://registry.npmjs.org/delayed-stream set size:undefined disposed:false
326 http fetch GET 200 https://registry.npmjs.org/get-intrinsic 51ms (cache miss)
327 silly packumentCache full:https://registry.npmjs.org/get-intrinsic set size:undefined disposed:false
328 http fetch GET 200 https://registry.npmjs.org/es-errors 56ms (cache miss)
329 silly packumentCache full:https://registry.npmjs.org/es-errors set size:undefined disposed:false
330 http fetch GET 200 https://registry.npmjs.org/hasown 58ms (cache miss)
331 silly packumentCache full:https://registry.npmjs.org/hasown set size:undefined disposed:false
332 http fetch GET 200 https://registry.npmjs.org/has-tostringtag 70ms (cache miss)
333 silly packumentCache full:https://registry.npmjs.org/has-tostringtag set size:undefined disposed:false
334 silly placeDep ROOT delayed-stream@1.0.0 OK for: combined-stream@1.0.8 want: ~1.0.0
335 silly placeDep ROOT es-errors@1.3.0 OK for: es-set-tostringtag@2.1.0 want: ^1.3.0
336 silly placeDep ROOT get-intrinsic@1.3.0 OK for: es-set-tostringtag@2.1.0 want: ^1.2.6
337 silly placeDep ROOT has-tostringtag@1.0.2 OK for: es-set-tostringtag@2.1.0 want: ^1.0.2
338 silly placeDep ROOT hasown@2.0.2 OK for: es-set-tostringtag@2.1.0 want: ^2.0.2
339 silly fetch manifest call-bind-apply-helpers@^1.0.2
340 silly packumentCache full:https://registry.npmjs.org/call-bind-apply-helpers cache-miss
341 silly fetch manifest es-define-property@^1.0.1
342 silly packumentCache full:https://registry.npmjs.org/es-define-property cache-miss
343 silly fetch manifest es-object-atoms@^1.1.1
344 silly packumentCache full:https://registry.npmjs.org/es-object-atoms cache-miss
345 silly fetch manifest function-bind@^1.1.2
346 silly packumentCache full:https://registry.npmjs.org/function-bind cache-miss
347 silly fetch manifest get-proto@^1.0.1
348 silly packumentCache full:https://registry.npmjs.org/get-proto cache-miss
349 silly fetch manifest gopd@^1.2.0
350 silly packumentCache full:https://registry.npmjs.org/gopd cache-miss
351 silly fetch manifest has-symbols@^1.1.0
352 silly packumentCache full:https://registry.npmjs.org/has-symbols cache-miss
353 http fetch GET 200 https://registry.npmjs.org/call-bind-apply-helpers 51ms (cache miss)
354 silly packumentCache full:https://registry.npmjs.org/call-bind-apply-helpers set size:undefined disposed:false
355 silly fetch manifest math-intrinsics@^1.1.0
356 silly packumentCache full:https://registry.npmjs.org/math-intrinsics cache-miss
357 http fetch GET 200 https://registry.npmjs.org/es-object-atoms 54ms (cache miss)
358 silly packumentCache full:https://registry.npmjs.org/es-object-atoms set size:undefined disposed:false
359 silly fetch manifest has-symbols@^1.0.3
360 silly packumentCache full:https://registry.npmjs.org/has-symbols cache-miss
361 http fetch GET 200 https://registry.npmjs.org/get-proto 54ms (cache miss)
362 silly packumentCache full:https://registry.npmjs.org/get-proto set size:undefined disposed:false
363 silly fetch manifest function-bind@^1.1.2
364 silly packumentCache full:https://registry.npmjs.org/function-bind cache-miss
365 http fetch GET 200 https://registry.npmjs.org/es-define-property 65ms (cache miss)
366 silly packumentCache full:https://registry.npmjs.org/es-define-property set size:undefined disposed:false
367 http fetch GET 200 https://registry.npmjs.org/gopd 69ms (cache miss)
368 silly packumentCache full:https://registry.npmjs.org/gopd set size:undefined disposed:false
369 http fetch GET 200 https://registry.npmjs.org/function-bind 71ms (cache miss)
370 silly packumentCache full:https://registry.npmjs.org/function-bind set size:undefined disposed:false
371 http fetch GET 200 https://registry.npmjs.org/has-symbols 79ms (cache miss)
372 silly packumentCache full:https://registry.npmjs.org/has-symbols set size:undefined disposed:false
373 http fetch GET 200 https://registry.npmjs.org/math-intrinsics 41ms (cache miss)
374 silly packumentCache full:https://registry.npmjs.org/math-intrinsics set size:undefined disposed:false
375 http fetch GET 200 https://registry.npmjs.org/has-symbols 47ms (cache miss)
376 silly packumentCache full:https://registry.npmjs.org/has-symbols set size:undefined disposed:false
377 http fetch GET 200 https://registry.npmjs.org/function-bind 47ms (cache miss)
378 silly packumentCache full:https://registry.npmjs.org/function-bind set size:undefined disposed:false
379 silly placeDep ROOT call-bind-apply-helpers@1.0.2 OK for: get-intrinsic@1.3.0 want: ^1.0.2
380 silly placeDep ROOT es-define-property@1.0.1 OK for: get-intrinsic@1.3.0 want: ^1.0.1
381 silly placeDep ROOT es-object-atoms@1.1.1 OK for: get-intrinsic@1.3.0 want: ^1.1.1
382 silly placeDep ROOT function-bind@1.1.2 OK for: get-intrinsic@1.3.0 want: ^1.1.2
383 silly placeDep ROOT get-proto@1.0.1 OK for: get-intrinsic@1.3.0 want: ^1.0.1
384 silly placeDep ROOT gopd@1.2.0 OK for: get-intrinsic@1.3.0 want: ^1.2.0
385 silly placeDep ROOT has-symbols@1.1.0 OK for: get-intrinsic@1.3.0 want: ^1.1.0
386 silly placeDep ROOT math-intrinsics@1.1.0 OK for: get-intrinsic@1.3.0 want: ^1.1.0
387 silly fetch manifest dunder-proto@^1.0.1
388 silly packumentCache full:https://registry.npmjs.org/dunder-proto cache-miss
389 http fetch GET 200 https://registry.npmjs.org/dunder-proto 62ms (cache miss)
390 silly packumentCache full:https://registry.npmjs.org/dunder-proto set size:undefined disposed:false
391 silly placeDep ROOT dunder-proto@1.0.1 OK for: get-proto@1.0.1 want: ^1.0.1
392 silly placeDep ROOT depd@2.0.0 OK for: http-errors@2.0.0 want: 2.0.0
393 silly placeDep ROOT inherits@2.0.4 OK for: http-errors@2.0.0 want: 2.0.4
394 silly placeDep ROOT setprototypeof@1.2.0 OK for: http-errors@2.0.0 want: 1.2.0
395 silly placeDep ROOT toidentifier@1.0.1 OK for: http-errors@2.0.0 want: 1.0.1
396 silly placeDep ROOT safer-buffer@2.1.2 OK for: iconv-lite@0.6.3 want: >= 2.1.2 < 3.0.0
397 silly placeDep ROOT mime-db@1.54.0 OK for: mime-types@3.0.1 want: ^1.54.0
398 silly placeDep ROOT ee-first@1.1.1 OK for: on-finished@2.4.1 want: 1.1.1
399 silly placeDep ROOT wrappy@1.0.2 OK for: once@1.4.0 want: 1
400 silly placeDep ROOT forwarded@0.2.0 OK for: proxy-addr@2.0.7 want: 0.2.0
401 silly placeDep ROOT ipaddr.js@1.9.1 OK for: proxy-addr@2.0.7 want: 1.9.1
402 silly placeDep ROOT side-channel@1.1.0 OK for: qs@6.14.0 want: ^1.1.0
403 silly fetch manifest object-inspect@^1.13.3
404 silly packumentCache full:https://registry.npmjs.org/object-inspect cache-miss
405 silly fetch manifest side-channel-list@^1.0.0
406 silly packumentCache full:https://registry.npmjs.org/side-channel-list cache-miss
407 silly fetch manifest side-channel-map@^1.0.1
408 silly packumentCache full:https://registry.npmjs.org/side-channel-map cache-miss
409 silly fetch manifest side-channel-weakmap@^1.0.2
410 silly packumentCache full:https://registry.npmjs.org/side-channel-weakmap cache-miss
411 http fetch GET 200 https://registry.npmjs.org/object-inspect 52ms (cache miss)
412 silly packumentCache full:https://registry.npmjs.org/object-inspect set size:undefined disposed:false
413 http fetch GET 200 https://registry.npmjs.org/side-channel-map 53ms (cache miss)
414 silly packumentCache full:https://registry.npmjs.org/side-channel-map set size:undefined disposed:false
415 http fetch GET 200 https://registry.npmjs.org/side-channel-weakmap 55ms (cache miss)
416 silly packumentCache full:https://registry.npmjs.org/side-channel-weakmap set size:undefined disposed:false
417 http fetch GET 200 https://registry.npmjs.org/side-channel-list 58ms (cache miss)
418 silly packumentCache full:https://registry.npmjs.org/side-channel-list set size:undefined disposed:false
419 silly placeDep ROOT unpipe@1.0.0 OK for: raw-body@3.0.0 want: 1.0.0
420 silly placeDep ROOT is-promise@4.0.0 OK for: router@2.2.0 want: ^4.0.0
421 silly placeDep ROOT path-to-regexp@8.2.0 OK for: router@2.2.0 want: ^8.0.0
422 silly placeDep ROOT object-inspect@1.13.4 OK for: side-channel@1.1.0 want: ^1.13.3
423 silly placeDep ROOT side-channel-list@1.0.0 OK for: side-channel@1.1.0 want: ^1.0.0
424 silly placeDep ROOT side-channel-map@1.0.1 OK for: side-channel@1.1.0 want: ^1.0.1
425 silly placeDep ROOT side-channel-weakmap@1.0.2 OK for: side-channel@1.1.0 want: ^1.0.2
426 silly fetch manifest call-bound@^1.0.2
427 silly packumentCache full:https://registry.npmjs.org/call-bound cache-miss
428 silly fetch manifest call-bound@^1.0.2
429 silly packumentCache full:https://registry.npmjs.org/call-bound cache-miss
430 http fetch GET 200 https://registry.npmjs.org/call-bound 42ms (cache miss)
431 silly packumentCache full:https://registry.npmjs.org/call-bound set size:undefined disposed:false
432 http fetch GET 200 https://registry.npmjs.org/call-bound 44ms (cache miss)
433 silly packumentCache full:https://registry.npmjs.org/call-bound set size:undefined disposed:false
434 silly placeDep ROOT call-bound@1.0.4 OK for: side-channel-map@1.0.1 want: ^1.0.2
435 silly placeDep ROOT media-typer@1.1.0 OK for: type-is@2.0.1 want: ^1.1.0
436 silly placeDep node_modules/form-data mime-db@1.52.0 OK for: mime-types@2.1.35 want: 1.52.0
437 silly reify moves {}
438 silly audit bulk request {
438 silly audit   '@discordjs/builders': [ '1.11.2' ],
438 silly audit   '@discordjs/collection': [ '1.5.3', '2.1.1' ],
438 silly audit   '@discordjs/formatters': [ '0.6.1' ],
438 silly audit   '@discordjs/rest': [ '2.5.0' ],
438 silly audit   '@discordjs/util': [ '1.1.1' ],
438 silly audit   '@discordjs/ws': [ '1.2.2' ],
438 silly audit   '@sapphire/async-queue': [ '1.5.5' ],
438 silly audit   '@sapphire/shapeshift': [ '4.0.0' ],
438 silly audit   '@sapphire/snowflake': [ '3.5.3' ],
438 silly audit   '@types/node': [ '22.15.17' ],
438 silly audit   '@types/ws': [ '8.18.1' ],
438 silly audit   '@vladfrangu/async_event_emitter': [ '2.4.6' ],
438 silly audit   cookie: [ '1.0.2', '0.7.2' ],
438 silly audit   'discord-api-types': [ '0.38.4' ],
438 silly audit   'discord.js': [ '14.19.3' ],
438 silly audit   dom: [ '0.0.3' ],
438 silly audit   'fast-deep-equal': [ '3.1.3' ],
438 silly audit   lodash: [ '4.17.21' ],
438 silly audit   'lodash.snakecase': [ '4.1.1' ],
438 silly audit   'magic-bytes.js': [ '1.12.1' ],
438 silly audit   react: [ '19.1.0' ],
438 silly audit   'react-dom': [ '19.1.0' ],
438 silly audit   'react-router': [ '7.5.3' ],
438 silly audit   'react-router-dom': [ '7.5.3' ],
438 silly audit   scheduler: [ '0.26.0' ],
438 silly audit   'set-cookie-parser': [ '2.7.1' ],
438 silly audit   tailwindcss: [ '4.1.4' ],
438 silly audit   'ts-mixer': [ '6.0.4' ],
438 silly audit   tslib: [ '2.8.1' ],
438 silly audit   'turbo-stream': [ '2.4.0' ],
438 silly audit   undici: [ '6.21.1' ],
438 silly audit   'undici-types': [ '6.21.0' ],
438 silly audit   ws: [ '8.18.2' ],
438 silly audit   axios: [ '1.9.0' ],
438 silly audit   cors: [ '2.8.5' ],
438 silly audit   express: [ '5.1.0' ],
438 silly audit   'follow-redirects': [ '1.15.9' ],
438 silly audit   'form-data': [ '4.0.2' ],
438 silly audit   'proxy-from-env': [ '1.1.0' ],
438 silly audit   'object-assign': [ '4.1.1' ],
438 silly audit   vary: [ '1.1.2' ],
438 silly audit   accepts: [ '2.0.0' ],
438 silly audit   'body-parser': [ '2.2.0' ],
438 silly audit   'content-disposition': [ '1.0.0' ],
438 silly audit   'content-type': [ '1.0.5' ],
438 silly audit   'cookie-signature': [ '1.2.2' ],
438 silly audit   debug: [ '4.4.0' ],
438 silly audit   encodeurl: [ '2.0.0' ],
438 silly audit   'escape-html': [ '1.0.3' ],
438 silly audit   etag: [ '1.8.1' ],
438 silly audit   finalhandler: [ '2.1.0' ],
438 silly audit   fresh: [ '2.0.0' ],
438 silly audit   'http-errors': [ '2.0.0' ],
438 silly audit   'merge-descriptors': [ '2.0.0' ],
438 silly audit   'mime-types': [ '3.0.1', '2.1.35' ],
438 silly audit   'on-finished': [ '2.4.1' ],
438 silly audit   once: [ '1.4.0' ],
438 silly audit   parseurl: [ '1.3.3' ],
438 silly audit   'proxy-addr': [ '2.0.7' ],
438 silly audit   qs: [ '6.14.0' ],
438 silly audit   'range-parser': [ '1.2.1' ],
438 silly audit   router: [ '2.2.0' ],
438 silly audit   send: [ '1.2.0' ],
438 silly audit   'serve-static': [ '2.2.0' ],
438 silly audit   statuses: [ '2.0.1' ],
438 silly audit   'type-is': [ '2.0.1' ],
438 silly audit   negotiator: [ '1.0.0' ],
438 silly audit   bytes: [ '3.1.2' ],
438 silly audit   'iconv-lite': [ '0.6.3' ],
438 silly audit   'raw-body': [ '3.0.0' ],
438 silly audit   'safe-buffer': [ '5.2.1' ],
438 silly audit   ms: [ '2.1.3' ],
438 silly audit   asynckit: [ '0.4.0' ],
438 silly audit   'combined-stream': [ '1.0.8' ],
438 silly audit   'es-set-tostringtag': [ '2.1.0' ],
438 silly audit   'delayed-stream': [ '1.0.0' ],
438 silly audit   'es-errors': [ '1.3.0' ],
438 silly audit   'get-intrinsic': [ '1.3.0' ],
438 silly audit   'has-tostringtag': [ '1.0.2' ],
438 silly audit   hasown: [ '2.0.2' ],
438 silly audit   'call-bind-apply-helpers': [ '1.0.2' ],
438 silly audit   'es-define-property': [ '1.0.1' ],
438 silly audit   'es-object-atoms': [ '1.1.1' ],
438 silly audit   'function-bind': [ '1.1.2' ],
438 silly audit   'get-proto': [ '1.0.1' ],
438 silly audit   gopd: [ '1.2.0' ],
438 silly audit   'has-symbols': [ '1.1.0' ],
438 silly audit   'math-intrinsics': [ '1.1.0' ],
438 silly audit   'dunder-proto': [ '1.0.1' ],
438 silly audit   depd: [ '2.0.0' ],
438 silly audit   inherits: [ '2.0.4' ],
438 silly audit   setprototypeof: [ '1.2.0' ],
438 silly audit   toidentifier: [ '1.0.1' ],
438 silly audit   'safer-buffer': [ '2.1.2' ],
438 silly audit   'mime-db': [ '1.54.0', '1.52.0' ],
438 silly audit   'ee-first': [ '1.1.1' ],
438 silly audit   wrappy: [ '1.0.2' ],
438 silly audit   forwarded: [ '0.2.0' ],
438 silly audit   'ipaddr.js': [ '1.9.1' ],
438 silly audit   'side-channel': [ '1.1.0' ],
438 silly audit   unpipe: [ '1.0.0' ],
438 silly audit   'is-promise': [ '4.0.0' ],
438 silly audit   'path-to-regexp': [ '8.2.0' ],
438 silly audit   'object-inspect': [ '1.13.4' ],
438 silly audit   'side-channel-list': [ '1.0.0' ],
438 silly audit   'side-channel-map': [ '1.0.1' ],
438 silly audit   'side-channel-weakmap': [ '1.0.2' ],
438 silly audit   'call-bound': [ '1.0.4' ],
438 silly audit   'media-typer': [ '1.1.0' ]
438 silly audit }
439 http cache call-bound@https://registry.npmjs.org/call-bound/-/call-bound-1.0.4.tgz 0ms (cache hit)
440 http cache media-typer@https://registry.npmjs.org/media-typer/-/media-typer-1.1.0.tgz 1ms (cache hit)
441 http cache side-channel-weakmap@https://registry.npmjs.org/side-channel-weakmap/-/side-channel-weakmap-1.0.2.tgz 0ms (cache hit)
442 http cache side-channel-map@https://registry.npmjs.org/side-channel-map/-/side-channel-map-1.0.1.tgz 0ms (cache hit)
443 http cache object-inspect@https://registry.npmjs.org/object-inspect/-/object-inspect-1.13.4.tgz 0ms (cache hit)
444 http cache side-channel-list@https://registry.npmjs.org/side-channel-list/-/side-channel-list-1.0.0.tgz 0ms (cache hit)
445 http cache path-to-regexp@https://registry.npmjs.org/path-to-regexp/-/path-to-regexp-8.2.0.tgz 0ms (cache hit)
446 http cache unpipe@https://registry.npmjs.org/unpipe/-/unpipe-1.0.0.tgz 0ms (cache hit)
447 http cache is-promise@https://registry.npmjs.org/is-promise/-/is-promise-4.0.0.tgz 0ms (cache hit)
448 http cache side-channel@https://registry.npmjs.org/side-channel/-/side-channel-1.1.0.tgz 0ms (cache hit)
449 http cache ipaddr.js@https://registry.npmjs.org/ipaddr.js/-/ipaddr.js-1.9.1.tgz 0ms (cache hit)
450 http cache forwarded@https://registry.npmjs.org/forwarded/-/forwarded-0.2.0.tgz 0ms (cache hit)
451 http cache ee-first@https://registry.npmjs.org/ee-first/-/ee-first-1.1.1.tgz 0ms (cache hit)
452 http cache mime-db@https://registry.npmjs.org/mime-db/-/mime-db-1.54.0.tgz 0ms (cache hit)
453 http cache wrappy@https://registry.npmjs.org/wrappy/-/wrappy-1.0.2.tgz 0ms (cache hit)
454 http cache setprototypeof@https://registry.npmjs.org/setprototypeof/-/setprototypeof-1.2.0.tgz 0ms (cache hit)
455 http cache safer-buffer@https://registry.npmjs.org/safer-buffer/-/safer-buffer-2.1.2.tgz 0ms (cache hit)
456 http cache toidentifier@https://registry.npmjs.org/toidentifier/-/toidentifier-1.0.1.tgz 0ms (cache hit)
457 http cache inherits@https://registry.npmjs.org/inherits/-/inherits-2.0.4.tgz 0ms (cache hit)
458 http cache depd@https://registry.npmjs.org/depd/-/depd-2.0.0.tgz 0ms (cache hit)
459 http cache math-intrinsics@https://registry.npmjs.org/math-intrinsics/-/math-intrinsics-1.1.0.tgz 0ms (cache hit)
460 http cache dunder-proto@https://registry.npmjs.org/dunder-proto/-/dunder-proto-1.0.1.tgz 0ms (cache hit)
461 http cache gopd@https://registry.npmjs.org/gopd/-/gopd-1.2.0.tgz 0ms (cache hit)
462 http cache has-symbols@https://registry.npmjs.org/has-symbols/-/has-symbols-1.1.0.tgz 0ms (cache hit)
463 http cache get-proto@https://registry.npmjs.org/get-proto/-/get-proto-1.0.1.tgz 0ms (cache hit)
464 http cache es-object-atoms@https://registry.npmjs.org/es-object-atoms/-/es-object-atoms-1.1.1.tgz 0ms (cache hit)
465 http cache function-bind@https://registry.npmjs.org/function-bind/-/function-bind-1.1.2.tgz 0ms (cache hit)
466 http cache es-define-property@https://registry.npmjs.org/es-define-property/-/es-define-property-1.0.1.tgz 0ms (cache hit)
467 http cache hasown@https://registry.npmjs.org/hasown/-/hasown-2.0.2.tgz 0ms (cache hit)
468 http cache call-bind-apply-helpers@https://registry.npmjs.org/call-bind-apply-helpers/-/call-bind-apply-helpers-1.0.2.tgz 0ms (cache hit)
469 http cache has-tostringtag@https://registry.npmjs.org/has-tostringtag/-/has-tostringtag-1.0.2.tgz 0ms (cache hit)
470 http cache es-errors@https://registry.npmjs.org/es-errors/-/es-errors-1.3.0.tgz 0ms (cache hit)
471 http cache get-intrinsic@https://registry.npmjs.org/get-intrinsic/-/get-intrinsic-1.3.0.tgz 0ms (cache hit)
472 http cache delayed-stream@https://registry.npmjs.org/delayed-stream/-/delayed-stream-1.0.0.tgz 0ms (cache hit)
473 http cache combined-stream@https://registry.npmjs.org/combined-stream/-/combined-stream-1.0.8.tgz 0ms (cache hit)
474 http cache es-set-tostringtag@https://registry.npmjs.org/es-set-tostringtag/-/es-set-tostringtag-2.1.0.tgz 0ms (cache hit)
475 http cache asynckit@https://registry.npmjs.org/asynckit/-/asynckit-0.4.0.tgz 0ms (cache hit)
476 http cache ms@https://registry.npmjs.org/ms/-/ms-2.1.3.tgz 0ms (cache hit)
477 http cache safe-buffer@https://registry.npmjs.org/safe-buffer/-/safe-buffer-5.2.1.tgz 0ms (cache hit)
478 http cache raw-body@https://registry.npmjs.org/raw-body/-/raw-body-3.0.0.tgz 0ms (cache hit)
479 http cache iconv-lite@https://registry.npmjs.org/iconv-lite/-/iconv-lite-0.6.3.tgz 0ms (cache hit)
480 http cache bytes@https://registry.npmjs.org/bytes/-/bytes-3.1.2.tgz 0ms (cache hit)
481 http cache negotiator@https://registry.npmjs.org/negotiator/-/negotiator-1.0.0.tgz 0ms (cache hit)
482 http cache send@https://registry.npmjs.org/send/-/send-1.2.0.tgz 0ms (cache hit)
483 http cache statuses@https://registry.npmjs.org/statuses/-/statuses-2.0.1.tgz 0ms (cache hit)
484 http cache type-is@https://registry.npmjs.org/type-is/-/type-is-2.0.1.tgz 0ms (cache hit)
485 http cache serve-static@https://registry.npmjs.org/serve-static/-/serve-static-2.2.0.tgz 0ms (cache hit)
486 http cache router@https://registry.npmjs.org/router/-/router-2.2.0.tgz 0ms (cache hit)
487 http cache proxy-addr@https://registry.npmjs.org/proxy-addr/-/proxy-addr-2.0.7.tgz 0ms (cache hit)
488 http cache range-parser@https://registry.npmjs.org/range-parser/-/range-parser-1.2.1.tgz 0ms (cache hit)
489 http cache qs@https://registry.npmjs.org/qs/-/qs-6.14.0.tgz 0ms (cache hit)
490 http cache parseurl@https://registry.npmjs.org/parseurl/-/parseurl-1.3.3.tgz 0ms (cache hit)
491 http cache on-finished@https://registry.npmjs.org/on-finished/-/on-finished-2.4.1.tgz 0ms (cache hit)
492 http cache once@https://registry.npmjs.org/once/-/once-1.4.0.tgz 0ms (cache hit)
493 http cache mime-types@https://registry.npmjs.org/mime-types/-/mime-types-3.0.1.tgz 0ms (cache hit)
494 http cache http-errors@https://registry.npmjs.org/http-errors/-/http-errors-2.0.0.tgz 0ms (cache hit)
495 http cache merge-descriptors@https://registry.npmjs.org/merge-descriptors/-/merge-descriptors-2.0.0.tgz 0ms (cache hit)
496 http cache fresh@https://registry.npmjs.org/fresh/-/fresh-2.0.0.tgz 0ms (cache hit)
497 http cache etag@https://registry.npmjs.org/etag/-/etag-1.8.1.tgz 0ms (cache hit)
498 http cache finalhandler@https://registry.npmjs.org/finalhandler/-/finalhandler-2.1.0.tgz 0ms (cache hit)
499 http cache escape-html@https://registry.npmjs.org/escape-html/-/escape-html-1.0.3.tgz 0ms (cache hit)
500 http cache encodeurl@https://registry.npmjs.org/encodeurl/-/encodeurl-2.0.0.tgz 0ms (cache hit)
501 http cache debug@https://registry.npmjs.org/debug/-/debug-4.4.0.tgz 0ms (cache hit)
502 http cache content-disposition@https://registry.npmjs.org/content-disposition/-/content-disposition-1.0.0.tgz 0ms (cache hit)
503 http cache body-parser@https://registry.npmjs.org/body-parser/-/body-parser-2.2.0.tgz 0ms (cache hit)
504 http cache content-type@https://registry.npmjs.org/content-type/-/content-type-1.0.5.tgz 0ms (cache hit)
505 http cache cookie-signature@https://registry.npmjs.org/cookie-signature/-/cookie-signature-1.2.2.tgz 0ms (cache hit)
506 http cache accepts@https://registry.npmjs.org/accepts/-/accepts-2.0.0.tgz 0ms (cache hit)
507 http cache vary@https://registry.npmjs.org/vary/-/vary-1.1.2.tgz 0ms (cache hit)
508 http cache proxy-from-env@https://registry.npmjs.org/proxy-from-env/-/proxy-from-env-1.1.0.tgz 0ms (cache hit)
509 http cache object-assign@https://registry.npmjs.org/object-assign/-/object-assign-4.1.1.tgz 0ms (cache hit)
510 http cache follow-redirects@https://registry.npmjs.org/follow-redirects/-/follow-redirects-1.15.9.tgz 0ms (cache hit)
511 http cache express@https://registry.npmjs.org/express/-/express-5.1.0.tgz 0ms (cache hit)
512 http cache cors@https://registry.npmjs.org/cors/-/cors-2.8.5.tgz 0ms (cache hit)
513 http cache axios@https://registry.npmjs.org/axios/-/axios-1.9.0.tgz 0ms (cache hit)
514 http cache mime-types@https://registry.npmjs.org/mime-types/-/mime-types-2.1.35.tgz 0ms (cache hit)
515 http cache mime-db@https://registry.npmjs.org/mime-db/-/mime-db-1.52.0.tgz 0ms (cache hit)
516 http cache cookie@https://registry.npmjs.org/cookie/-/cookie-0.7.2.tgz 0ms (cache hit)
517 http cache form-data@https://registry.npmjs.org/form-data/-/form-data-4.0.2.tgz 0ms (cache hit)
518 silly tarball no local data for call-bound@https://registry.npmjs.org/call-bound/-/call-bound-1.0.4.tgz. Extracting by manifest.
519 silly tarball no local data for media-typer@https://registry.npmjs.org/media-typer/-/media-typer-1.1.0.tgz. Extracting by manifest.
520 silly tarball no local data for side-channel-weakmap@https://registry.npmjs.org/side-channel-weakmap/-/side-channel-weakmap-1.0.2.tgz. Extracting by manifest.
521 silly tarball no local data for side-channel-map@https://registry.npmjs.org/side-channel-map/-/side-channel-map-1.0.1.tgz. Extracting by manifest.
522 silly tarball no local data for object-inspect@https://registry.npmjs.org/object-inspect/-/object-inspect-1.13.4.tgz. Extracting by manifest.
523 silly tarball no local data for side-channel-list@https://registry.npmjs.org/side-channel-list/-/side-channel-list-1.0.0.tgz. Extracting by manifest.
524 silly tarball no local data for path-to-regexp@https://registry.npmjs.org/path-to-regexp/-/path-to-regexp-8.2.0.tgz. Extracting by manifest.
525 silly tarball no local data for unpipe@https://registry.npmjs.org/unpipe/-/unpipe-1.0.0.tgz. Extracting by manifest.
526 silly tarball no local data for is-promise@https://registry.npmjs.org/is-promise/-/is-promise-4.0.0.tgz. Extracting by manifest.
527 silly tarball no local data for side-channel@https://registry.npmjs.org/side-channel/-/side-channel-1.1.0.tgz. Extracting by manifest.
528 silly tarball no local data for ipaddr.js@https://registry.npmjs.org/ipaddr.js/-/ipaddr.js-1.9.1.tgz. Extracting by manifest.
529 silly tarball no local data for forwarded@https://registry.npmjs.org/forwarded/-/forwarded-0.2.0.tgz. Extracting by manifest.
530 silly tarball no local data for ee-first@https://registry.npmjs.org/ee-first/-/ee-first-1.1.1.tgz. Extracting by manifest.
531 silly tarball no local data for mime-db@https://registry.npmjs.org/mime-db/-/mime-db-1.54.0.tgz. Extracting by manifest.
532 silly tarball no local data for wrappy@https://registry.npmjs.org/wrappy/-/wrappy-1.0.2.tgz. Extracting by manifest.
533 silly tarball no local data for setprototypeof@https://registry.npmjs.org/setprototypeof/-/setprototypeof-1.2.0.tgz. Extracting by manifest.
534 silly tarball no local data for safer-buffer@https://registry.npmjs.org/safer-buffer/-/safer-buffer-2.1.2.tgz. Extracting by manifest.
535 silly tarball no local data for toidentifier@https://registry.npmjs.org/toidentifier/-/toidentifier-1.0.1.tgz. Extracting by manifest.
536 silly tarball no local data for inherits@https://registry.npmjs.org/inherits/-/inherits-2.0.4.tgz. Extracting by manifest.
537 silly tarball no local data for depd@https://registry.npmjs.org/depd/-/depd-2.0.0.tgz. Extracting by manifest.
538 silly tarball no local data for math-intrinsics@https://registry.npmjs.org/math-intrinsics/-/math-intrinsics-1.1.0.tgz. Extracting by manifest.
539 silly tarball no local data for dunder-proto@https://registry.npmjs.org/dunder-proto/-/dunder-proto-1.0.1.tgz. Extracting by manifest.
540 silly tarball no local data for gopd@https://registry.npmjs.org/gopd/-/gopd-1.2.0.tgz. Extracting by manifest.
541 silly tarball no local data for has-symbols@https://registry.npmjs.org/has-symbols/-/has-symbols-1.1.0.tgz. Extracting by manifest.
542 silly tarball no local data for get-proto@https://registry.npmjs.org/get-proto/-/get-proto-1.0.1.tgz. Extracting by manifest.
543 silly tarball no local data for es-object-atoms@https://registry.npmjs.org/es-object-atoms/-/es-object-atoms-1.1.1.tgz. Extracting by manifest.
544 silly tarball no local data for function-bind@https://registry.npmjs.org/function-bind/-/function-bind-1.1.2.tgz. Extracting by manifest.
545 silly tarball no local data for es-define-property@https://registry.npmjs.org/es-define-property/-/es-define-property-1.0.1.tgz. Extracting by manifest.
546 silly tarball no local data for hasown@https://registry.npmjs.org/hasown/-/hasown-2.0.2.tgz. Extracting by manifest.
547 silly tarball no local data for call-bind-apply-helpers@https://registry.npmjs.org/call-bind-apply-helpers/-/call-bind-apply-helpers-1.0.2.tgz. Extracting by manifest.
548 silly tarball no local data for has-tostringtag@https://registry.npmjs.org/has-tostringtag/-/has-tostringtag-1.0.2.tgz. Extracting by manifest.
549 silly tarball no local data for es-errors@https://registry.npmjs.org/es-errors/-/es-errors-1.3.0.tgz. Extracting by manifest.
550 silly tarball no local data for get-intrinsic@https://registry.npmjs.org/get-intrinsic/-/get-intrinsic-1.3.0.tgz. Extracting by manifest.
551 silly tarball no local data for delayed-stream@https://registry.npmjs.org/delayed-stream/-/delayed-stream-1.0.0.tgz. Extracting by manifest.
552 silly tarball no local data for combined-stream@https://registry.npmjs.org/combined-stream/-/combined-stream-1.0.8.tgz. Extracting by manifest.
553 silly tarball no local data for es-set-tostringtag@https://registry.npmjs.org/es-set-tostringtag/-/es-set-tostringtag-2.1.0.tgz. Extracting by manifest.
554 silly tarball no local data for asynckit@https://registry.npmjs.org/asynckit/-/asynckit-0.4.0.tgz. Extracting by manifest.
555 silly tarball no local data for ms@https://registry.npmjs.org/ms/-/ms-2.1.3.tgz. Extracting by manifest.
556 silly tarball no local data for safe-buffer@https://registry.npmjs.org/safe-buffer/-/safe-buffer-5.2.1.tgz. Extracting by manifest.
557 silly tarball no local data for raw-body@https://registry.npmjs.org/raw-body/-/raw-body-3.0.0.tgz. Extracting by manifest.
558 silly tarball no local data for iconv-lite@https://registry.npmjs.org/iconv-lite/-/iconv-lite-0.6.3.tgz. Extracting by manifest.
559 silly tarball no local data for bytes@https://registry.npmjs.org/bytes/-/bytes-3.1.2.tgz. Extracting by manifest.
560 silly tarball no local data for negotiator@https://registry.npmjs.org/negotiator/-/negotiator-1.0.0.tgz. Extracting by manifest.
561 silly tarball no local data for send@https://registry.npmjs.org/send/-/send-1.2.0.tgz. Extracting by manifest.
562 silly tarball no local data for statuses@https://registry.npmjs.org/statuses/-/statuses-2.0.1.tgz. Extracting by manifest.
563 silly tarball no local data for type-is@https://registry.npmjs.org/type-is/-/type-is-2.0.1.tgz. Extracting by manifest.
564 silly tarball no local data for serve-static@https://registry.npmjs.org/serve-static/-/serve-static-2.2.0.tgz. Extracting by manifest.
565 silly tarball no local data for router@https://registry.npmjs.org/router/-/router-2.2.0.tgz. Extracting by manifest.
566 silly tarball no local data for proxy-addr@https://registry.npmjs.org/proxy-addr/-/proxy-addr-2.0.7.tgz. Extracting by manifest.
567 silly tarball no local data for range-parser@https://registry.npmjs.org/range-parser/-/range-parser-1.2.1.tgz. Extracting by manifest.
568 silly tarball no local data for qs@https://registry.npmjs.org/qs/-/qs-6.14.0.tgz. Extracting by manifest.
569 silly tarball no local data for parseurl@https://registry.npmjs.org/parseurl/-/parseurl-1.3.3.tgz. Extracting by manifest.
570 silly tarball no local data for on-finished@https://registry.npmjs.org/on-finished/-/on-finished-2.4.1.tgz. Extracting by manifest.
571 silly tarball no local data for once@https://registry.npmjs.org/once/-/once-1.4.0.tgz. Extracting by manifest.
572 silly tarball no local data for mime-types@https://registry.npmjs.org/mime-types/-/mime-types-3.0.1.tgz. Extracting by manifest.
573 silly tarball no local data for http-errors@https://registry.npmjs.org/http-errors/-/http-errors-2.0.0.tgz. Extracting by manifest.
574 silly tarball no local data for merge-descriptors@https://registry.npmjs.org/merge-descriptors/-/merge-descriptors-2.0.0.tgz. Extracting by manifest.
575 silly tarball no local data for fresh@https://registry.npmjs.org/fresh/-/fresh-2.0.0.tgz. Extracting by manifest.
576 silly tarball no local data for etag@https://registry.npmjs.org/etag/-/etag-1.8.1.tgz. Extracting by manifest.
577 silly tarball no local data for finalhandler@https://registry.npmjs.org/finalhandler/-/finalhandler-2.1.0.tgz. Extracting by manifest.
578 silly tarball no local data for escape-html@https://registry.npmjs.org/escape-html/-/escape-html-1.0.3.tgz. Extracting by manifest.
579 silly tarball no local data for encodeurl@https://registry.npmjs.org/encodeurl/-/encodeurl-2.0.0.tgz. Extracting by manifest.
580 silly tarball no local data for debug@https://registry.npmjs.org/debug/-/debug-4.4.0.tgz. Extracting by manifest.
581 silly tarball no local data for content-disposition@https://registry.npmjs.org/content-disposition/-/content-disposition-1.0.0.tgz. Extracting by manifest.
582 silly tarball no local data for body-parser@https://registry.npmjs.org/body-parser/-/body-parser-2.2.0.tgz. Extracting by manifest.
583 silly tarball no local data for content-type@https://registry.npmjs.org/content-type/-/content-type-1.0.5.tgz. Extracting by manifest.
584 silly tarball no local data for cookie-signature@https://registry.npmjs.org/cookie-signature/-/cookie-signature-1.2.2.tgz. Extracting by manifest.
585 silly tarball no local data for accepts@https://registry.npmjs.org/accepts/-/accepts-2.0.0.tgz. Extracting by manifest.
586 silly tarball no local data for vary@https://registry.npmjs.org/vary/-/vary-1.1.2.tgz. Extracting by manifest.
587 silly tarball no local data for proxy-from-env@https://registry.npmjs.org/proxy-from-env/-/proxy-from-env-1.1.0.tgz. Extracting by manifest.
588 silly tarball no local data for object-assign@https://registry.npmjs.org/object-assign/-/object-assign-4.1.1.tgz. Extracting by manifest.
589 silly tarball no local data for follow-redirects@https://registry.npmjs.org/follow-redirects/-/follow-redirects-1.15.9.tgz. Extracting by manifest.
590 silly tarball no local data for express@https://registry.npmjs.org/express/-/express-5.1.0.tgz. Extracting by manifest.
591 silly tarball no local data for cors@https://registry.npmjs.org/cors/-/cors-2.8.5.tgz. Extracting by manifest.
592 silly tarball no local data for axios@https://registry.npmjs.org/axios/-/axios-1.9.0.tgz. Extracting by manifest.
593 silly tarball no local data for mime-types@https://registry.npmjs.org/mime-types/-/mime-types-2.1.35.tgz. Extracting by manifest.
594 silly tarball no local data for mime-db@https://registry.npmjs.org/mime-db/-/mime-db-1.52.0.tgz. Extracting by manifest.
595 silly tarball no local data for cookie@https://registry.npmjs.org/cookie/-/cookie-0.7.2.tgz. Extracting by manifest.
596 silly tarball no local data for form-data@https://registry.npmjs.org/form-data/-/form-data-4.0.2.tgz. Extracting by manifest.
597 http fetch POST 200 https://registry.npmjs.org/-/npm/v1/security/advisories/bulk 297ms
598 silly audit report {}
599 http fetch GET 200 https://registry.npmjs.org/media-typer/-/media-typer-1.1.0.tgz 772ms (cache miss)
600 http fetch GET 200 https://registry.npmjs.org/side-channel-list/-/side-channel-list-1.0.0.tgz 834ms (cache miss)
601 http fetch GET 200 https://registry.npmjs.org/call-bound/-/call-bound-1.0.4.tgz 843ms (cache miss)
602 http fetch GET 200 https://registry.npmjs.org/math-intrinsics/-/math-intrinsics-1.1.0.tgz 871ms (cache miss)
603 http fetch GET 200 https://registry.npmjs.org/side-channel-map/-/side-channel-map-1.0.1.tgz 910ms (cache miss)
604 http fetch GET 200 https://registry.npmjs.org/setprototypeof/-/setprototypeof-1.2.0.tgz 904ms (cache miss)
605 http fetch GET 200 https://registry.npmjs.org/has-symbols/-/has-symbols-1.1.0.tgz 905ms (cache miss)
606 http fetch GET 200 https://registry.npmjs.org/depd/-/depd-2.0.0.tgz 938ms (cache miss)
607 http fetch GET 200 https://registry.npmjs.org/wrappy/-/wrappy-1.0.2.tgz 943ms (cache miss)
608 http fetch GET 200 https://registry.npmjs.org/es-object-atoms/-/es-object-atoms-1.1.1.tgz 941ms (cache miss)
609 http fetch GET 200 https://registry.npmjs.org/dunder-proto/-/dunder-proto-1.0.1.tgz 948ms (cache miss)
610 http fetch GET 200 https://registry.npmjs.org/toidentifier/-/toidentifier-1.0.1.tgz 951ms (cache miss)
611 http fetch GET 200 https://registry.npmjs.org/safer-buffer/-/safer-buffer-2.1.2.tgz 980ms (cache miss)
612 http fetch GET 200 https://registry.npmjs.org/get-proto/-/get-proto-1.0.1.tgz 987ms (cache miss)
613 http fetch GET 200 https://registry.npmjs.org/inherits/-/inherits-2.0.4.tgz 1006ms (cache miss)
614 http fetch GET 200 https://registry.npmjs.org/gopd/-/gopd-1.2.0.tgz 1022ms (cache miss)
615 http fetch GET 200 https://registry.npmjs.org/function-bind/-/function-bind-1.1.2.tgz 1025ms (cache miss)
616 http fetch GET 200 https://registry.npmjs.org/unpipe/-/unpipe-1.0.0.tgz 1130ms (cache miss)
617 http fetch GET 200 https://registry.npmjs.org/es-define-property/-/es-define-property-1.0.1.tgz 1129ms (cache miss)
618 http fetch GET 200 https://registry.npmjs.org/es-errors/-/es-errors-1.3.0.tgz 1127ms (cache miss)
619 http fetch GET 200 https://registry.npmjs.org/hasown/-/hasown-2.0.2.tgz 1135ms (cache miss)
620 http fetch GET 200 https://registry.npmjs.org/call-bind-apply-helpers/-/call-bind-apply-helpers-1.0.2.tgz 1152ms (cache miss)
621 http fetch GET 200 https://registry.npmjs.org/forwarded/-/forwarded-0.2.0.tgz 1166ms (cache miss)
622 http fetch GET 200 https://registry.npmjs.org/ee-first/-/ee-first-1.1.1.tgz 1166ms (cache miss)
623 http fetch GET 200 https://registry.npmjs.org/safe-buffer/-/safe-buffer-5.2.1.tgz 1147ms (cache miss)
624 http fetch GET 200 https://registry.npmjs.org/get-intrinsic/-/get-intrinsic-1.3.0.tgz 1199ms (cache miss)
625 http fetch GET 200 https://registry.npmjs.org/es-set-tostringtag/-/es-set-tostringtag-2.1.0.tgz 1216ms (cache miss)
626 http fetch GET 200 https://registry.npmjs.org/combined-stream/-/combined-stream-1.0.8.tgz 1217ms (cache miss)
627 http fetch GET 200 https://registry.npmjs.org/asynckit/-/asynckit-0.4.0.tgz 1207ms (cache miss)
628 http fetch GET 200 https://registry.npmjs.org/range-parser/-/range-parser-1.2.1.tgz 1204ms (cache miss)
629 http fetch GET 200 https://registry.npmjs.org/finalhandler/-/finalhandler-2.1.0.tgz 1196ms (cache miss)
630 http fetch GET 200 https://registry.npmjs.org/cookie-signature/-/cookie-signature-1.2.2.tgz 1197ms (cache miss)
631 http fetch GET 200 https://registry.npmjs.org/is-promise/-/is-promise-4.0.0.tgz 1276ms (cache miss)
632 http fetch GET 200 https://registry.npmjs.org/http-errors/-/http-errors-2.0.0.tgz 1238ms (cache miss)
633 http fetch GET 200 https://registry.npmjs.org/once/-/once-1.4.0.tgz 1244ms (cache miss)
634 http fetch GET 200 https://registry.npmjs.org/statuses/-/statuses-2.0.1.tgz 1268ms (cache miss)
635 http fetch GET 200 https://registry.npmjs.org/content-disposition/-/content-disposition-1.0.0.tgz 1262ms (cache miss)
636 http fetch GET 200 https://registry.npmjs.org/parseurl/-/parseurl-1.3.3.tgz 1271ms (cache miss)
637 http fetch GET 200 https://registry.npmjs.org/accepts/-/accepts-2.0.0.tgz 1258ms (cache miss)
638 http fetch GET 200 https://registry.npmjs.org/content-type/-/content-type-1.0.5.tgz 1281ms (cache miss)
639 http fetch GET 200 https://registry.npmjs.org/escape-html/-/escape-html-1.0.3.tgz 1287ms (cache miss)
640 http fetch GET 200 https://registry.npmjs.org/ms/-/ms-2.1.3.tgz 1316ms (cache miss)
641 http fetch GET 200 https://registry.npmjs.org/serve-static/-/serve-static-2.2.0.tgz 1313ms (cache miss)
642 http fetch GET 200 https://registry.npmjs.org/merge-descriptors/-/merge-descriptors-2.0.0.tgz 1324ms (cache miss)
643 http fetch GET 200 https://registry.npmjs.org/proxy-from-env/-/proxy-from-env-1.1.0.tgz 1315ms (cache miss)
644 http fetch GET 200 https://registry.npmjs.org/bytes/-/bytes-3.1.2.tgz 1344ms (cache miss)
645 http fetch GET 200 https://registry.npmjs.org/encodeurl/-/encodeurl-2.0.0.tgz 1421ms (cache miss)
646 http fetch GET 200 https://registry.npmjs.org/vary/-/vary-1.1.2.tgz 1428ms (cache miss)
647 http fetch GET 200 https://registry.npmjs.org/delayed-stream/-/delayed-stream-1.0.0.tgz 1484ms (cache miss)
648 http fetch GET 200 https://registry.npmjs.org/etag/-/etag-1.8.1.tgz 1474ms (cache miss)
649 http fetch GET 200 https://registry.npmjs.org/form-data/-/form-data-4.0.2.tgz 1468ms (cache miss)
650 http fetch GET 200 https://registry.npmjs.org/fresh/-/fresh-2.0.0.tgz 1491ms (cache miss)
651 http fetch GET 200 https://registry.npmjs.org/object-assign/-/object-assign-4.1.1.tgz 1509ms (cache miss)
652 http fetch GET 200 https://registry.npmjs.org/type-is/-/type-is-2.0.1.tgz 1669ms (cache miss)
653 http fetch GET 200 https://registry.npmjs.org/on-finished/-/on-finished-2.4.1.tgz 1669ms (cache miss)
654 http fetch GET 200 https://registry.npmjs.org/proxy-addr/-/proxy-addr-2.0.7.tgz 1681ms (cache miss)
655 http fetch GET 200 https://registry.npmjs.org/cookie/-/cookie-0.7.2.tgz 1687ms (cache miss)
656 http fetch GET 200 https://registry.npmjs.org/mime-types/-/mime-types-2.1.35.tgz 1710ms (cache miss)
657 http fetch GET 200 https://registry.npmjs.org/ipaddr.js/-/ipaddr.js-1.9.1.tgz 1804ms (cache miss)
658 http fetch GET 200 https://registry.npmjs.org/mime-types/-/mime-types-3.0.1.tgz 1771ms (cache miss)
659 http fetch GET 200 https://registry.npmjs.org/cors/-/cors-2.8.5.tgz 1755ms (cache miss)
660 http fetch GET 200 https://registry.npmjs.org/raw-body/-/raw-body-3.0.0.tgz 1785ms (cache miss)
661 http fetch GET 200 https://registry.npmjs.org/mime-db/-/mime-db-1.52.0.tgz 1768ms (cache miss)
662 http fetch GET 200 https://registry.npmjs.org/send/-/send-1.2.0.tgz 1804ms (cache miss)
663 http fetch GET 200 https://registry.npmjs.org/side-channel-weakmap/-/side-channel-weakmap-1.0.2.tgz 1845ms (cache miss)
664 http fetch GET 200 https://registry.npmjs.org/path-to-regexp/-/path-to-regexp-8.2.0.tgz 1846ms (cache miss)
665 http fetch GET 200 https://registry.npmjs.org/negotiator/-/negotiator-1.0.0.tgz 1846ms (cache miss)
666 http fetch GET 200 https://registry.npmjs.org/side-channel/-/side-channel-1.1.0.tgz 1963ms (cache miss)
667 http fetch GET 200 https://registry.npmjs.org/router/-/router-2.2.0.tgz 1947ms (cache miss)
668 http fetch GET 200 https://registry.npmjs.org/follow-redirects/-/follow-redirects-1.15.9.tgz 1927ms (cache miss)
669 http fetch GET 200 https://registry.npmjs.org/mime-db/-/mime-db-1.54.0.tgz 1989ms (cache miss)
670 http fetch GET 200 https://registry.npmjs.org/debug/-/debug-4.4.0.tgz 1956ms (cache miss)
671 http fetch GET 200 https://registry.npmjs.org/has-tostringtag/-/has-tostringtag-1.0.2.tgz 2096ms (cache miss)
672 http fetch GET 200 https://registry.npmjs.org/body-parser/-/body-parser-2.2.0.tgz 2084ms (cache miss)
673 http fetch GET 200 https://registry.npmjs.org/express/-/express-5.1.0.tgz 2147ms (cache miss)
674 http fetch GET 200 https://registry.npmjs.org/qs/-/qs-6.14.0.tgz 2198ms (cache miss)
675 http fetch GET 200 https://registry.npmjs.org/object-inspect/-/object-inspect-1.13.4.tgz 2334ms (cache miss)
676 http fetch GET 200 https://registry.npmjs.org/iconv-lite/-/iconv-lite-0.6.3.tgz 2329ms (cache miss)
677 http fetch GET 200 https://registry.npmjs.org/axios/-/axios-1.9.0.tgz 2708ms (cache miss)
678 silly ADD node_modules/media-typer
679 silly ADD node_modules/call-bound
680 silly ADD node_modules/side-channel-weakmap
681 silly ADD node_modules/side-channel-map
682 silly ADD node_modules/side-channel-list
683 silly ADD node_modules/object-inspect
684 silly ADD node_modules/path-to-regexp
685 silly ADD node_modules/is-promise
686 silly ADD node_modules/unpipe
687 silly ADD node_modules/side-channel
688 silly ADD node_modules/ipaddr.js
689 silly ADD node_modules/forwarded
690 silly ADD node_modules/wrappy
691 silly ADD node_modules/ee-first
692 silly ADD node_modules/mime-db
693 silly ADD node_modules/safer-buffer
694 silly ADD node_modules/toidentifier
695 silly ADD node_modules/setprototypeof
696 silly ADD node_modules/inherits
697 silly ADD node_modules/depd
698 silly ADD node_modules/dunder-proto
699 silly ADD node_modules/math-intrinsics
700 silly ADD node_modules/has-symbols
701 silly ADD node_modules/gopd
702 silly ADD node_modules/get-proto
703 silly ADD node_modules/function-bind
704 silly ADD node_modules/es-object-atoms
705 silly ADD node_modules/es-define-property
706 silly ADD node_modules/call-bind-apply-helpers
707 silly ADD node_modules/hasown
708 silly ADD node_modules/has-tostringtag
709 silly ADD node_modules/get-intrinsic
710 silly ADD node_modules/es-errors
711 silly ADD node_modules/delayed-stream
712 silly ADD node_modules/es-set-tostringtag
713 silly ADD node_modules/combined-stream
714 silly ADD node_modules/asynckit
715 silly ADD node_modules/ms
716 silly ADD node_modules/safe-buffer
717 silly ADD node_modules/raw-body
718 silly ADD node_modules/iconv-lite
719 silly ADD node_modules/bytes
720 silly ADD node_modules/negotiator
721 silly ADD node_modules/type-is
722 silly ADD node_modules/statuses
723 silly ADD node_modules/serve-static
724 silly ADD node_modules/send
725 silly ADD node_modules/router
726 silly ADD node_modules/range-parser
727 silly ADD node_modules/qs
728 silly ADD node_modules/proxy-addr
729 silly ADD node_modules/parseurl
730 silly ADD node_modules/once
731 silly ADD node_modules/on-finished
732 silly ADD node_modules/mime-types
733 silly ADD node_modules/merge-descriptors
734 silly ADD node_modules/http-errors
735 silly ADD node_modules/fresh
736 silly ADD node_modules/finalhandler
737 silly ADD node_modules/etag
738 silly ADD node_modules/escape-html
739 silly ADD node_modules/encodeurl
740 silly ADD node_modules/debug
741 silly ADD node_modules/cookie-signature
742 silly ADD node_modules/content-type
743 silly ADD node_modules/content-disposition
744 silly ADD node_modules/body-parser
745 silly ADD node_modules/accepts
746 silly ADD node_modules/vary
747 silly ADD node_modules/object-assign
748 silly ADD node_modules/proxy-from-env
749 silly ADD node_modules/form-data
750 silly ADD node_modules/form-data/node_modules/mime-db
751 silly ADD node_modules/form-data/node_modules/mime-types
752 silly ADD node_modules/follow-redirects
753 silly ADD node_modules/express
754 silly ADD node_modules/express/node_modules/cookie
755 silly ADD node_modules/cors
756 silly ADD node_modules/axios
757 verbose cwd C:\Users\paradise\OneDrive\Desktop\day2\nodejs-express-axios-cors
758 verbose os Windows_NT 10.0.22631
759 verbose node v22.15.0
760 verbose npm  v11.3.0
761 verbose exit 0
762 info ok
